0 info it worked if it ends with ok
1 verbose cli [ '/usr/bin/nodejs', '/usr/bin/npm', 'run', 'lint' ]
2 info using npm@2.15.9
3 info using node@v4.6.0
4 verbose run-script [ 'prelint', 'lint', 'postlint' ]
5 info prelint vscode-hack@0.0.1
6 info lint vscode-hack@0.0.1
7 verbose unsafe-perm in lifecycle true
8 info vscode-hack@0.0.1 Failed to exec lint script
9 verbose stack Error: vscode-hack@0.0.1 lint: `node ./node_modules/tslint/bin/tslint -r ./node_modules/tslint-microsoft-contrib ./src/*.ts ./test/*.ts`
9 verbose stack Exit status 2
9 verbose stack     at EventEmitter.<anonymous> (/usr/lib/node_modules/npm/lib/utils/lifecycle.js:217:16)
9 verbose stack     at emitTwo (events.js:87:13)
9 verbose stack     at EventEmitter.emit (events.js:172:7)
9 verbose stack     at ChildProcess.<anonymous> (/usr/lib/node_modules/npm/lib/utils/spawn.js:24:14)
9 verbose stack     at emitTwo (events.js:87:13)
9 verbose stack     at ChildProcess.emit (events.js:172:7)
9 verbose stack     at maybeClose (internal/child_process.js:829:16)
9 verbose stack     at Process.ChildProcess._handle.onexit (internal/child_process.js:211:5)
10 verbose pkgid vscode-hack@0.0.1
11 verbose cwd /home/pranay/repos/vscode-hack
12 error Linux 4.4.0-42-generic
13 error argv "/usr/bin/nodejs" "/usr/bin/npm" "run" "lint"
14 error node v4.6.0
15 error npm  v2.15.9
16 error code ELIFECYCLE
17 error vscode-hack@0.0.1 lint: `node ./node_modules/tslint/bin/tslint -r ./node_modules/tslint-microsoft-contrib ./src/*.ts ./test/*.ts`
17 error Exit status 2
18 error Failed at the vscode-hack@0.0.1 lint script 'node ./node_modules/tslint/bin/tslint -r ./node_modules/tslint-microsoft-contrib ./src/*.ts ./test/*.ts'.
18 error This is most likely a problem with the vscode-hack package,
18 error not with npm itself.
18 error Tell the author that this fails on your system:
18 error     node ./node_modules/tslint/bin/tslint -r ./node_modules/tslint-microsoft-contrib ./src/*.ts ./test/*.ts
18 error You can get information on how to open an issue for this project with:
18 error     npm bugs vscode-hack
18 error Or if that isn't available, you can get their info via:
18 error
18 error     npm owner ls vscode-hack
18 error There is likely additional logging output above.
19 verbose exit [ 1, true ]
